2023/06/05 14:57:56 [notice] 1#1: using the "epoll" event method
2023/06/05 14:57:56 [notice] 1#1: nginx/1.25.0
2023/06/05 14:57:56 [notice] 1#1: built by gcc 10.2.1 20210110 (Debian 10.2.1-6) 
2023/06/05 14:57:56 [notice] 1#1: OS: Linux 5.15.49-linuxkit
2023/06/05 14:57:56 [notice] 1#1: getrlimit(RLIMIT_NOFILE): 1048576:1048576
2023/06/05 14:57:56 [notice] 1#1: start worker processes
2023/06/05 14:57:56 [notice] 1#1: start worker process 29
2023/06/05 14:57:56 [notice] 1#1: start worker process 30
2023/06/05 14:57:56 [notice] 1#1: start worker process 31
2023/06/05 14:57:56 [notice] 1#1: start worker process 32
2023/06/05 14:58:04 [error] 29#29: *1 directory index of "/usr/share/nginx/html/" is forbidden, client: 172.17.0.1, server: localhost, request: "GET / HTTP/1.1", host: "127.0.0.1:8080"
2023/06/05 14:58:05 [error] 29#29: *1 directory index of "/usr/share/nginx/html/" is forbidden, client: 172.17.0.1, server: localhost, request: "GET / HTTP/1.1", host: "127.0.0.1:8080"
2023/06/05 14:58:07 [error] 29#29: *1 directory index of "/usr/share/nginx/html/" is forbidden, client: 172.17.0.1, server: localhost, request: "GET / HTTP/1.1", host: "127.0.0.1:8080"
2023/06/05 14:58:07 [error] 29#29: *1 directory index of "/usr/share/nginx/html/" is forbidden, client: 172.17.0.1, server: localhost, request: "GET / HTTP/1.1", host: "127.0.0.1:8080"
2023/06/05 14:58:08 [error] 29#29: *1 directory index of "/usr/share/nginx/html/" is forbidden, client: 172.17.0.1, server: localhost, request: "GET / HTTP/1.1", host: "127.0.0.1:8080"
2023/06/05 14:58:14 [error] 29#29: *1 directory index of "/usr/share/nginx/html/" is forbidden, client: 172.17.0.1, server: localhost, request: "GET / HTTP/1.1", host: "127.0.0.1:8080"
2023/06/05 14:59:17 [notice] 1#1: signal 3 (SIGQUIT) received, shutting down
2023/06/05 14:59:17 [notice] 29#29: gracefully shutting down
2023/06/05 14:59:17 [notice] 29#29: exiting
2023/06/05 14:59:17 [notice] 30#30: gracefully shutting down
2023/06/05 14:59:17 [notice] 30#30: exiting
2023/06/05 14:59:17 [notice] 31#31: gracefully shutting down
2023/06/05 14:59:17 [notice] 32#32: gracefully shutting down
2023/06/05 14:59:17 [notice] 29#29: exit
2023/06/05 14:59:17 [notice] 30#30: exit
2023/06/05 14:59:17 [notice] 31#31: exiting
2023/06/05 14:59:17 [notice] 32#32: exiting
2023/06/05 14:59:17 [notice] 31#31: exit
2023/06/05 14:59:17 [notice] 32#32: exit
2023/06/05 14:59:17 [notice] 1#1: signal 17 (SIGCHLD) received from 29
2023/06/05 14:59:17 [notice] 1#1: worker process 29 exited with code 0
2023/06/05 14:59:17 [notice] 1#1: worker process 30 exited with code 0
2023/06/05 14:59:17 [notice] 1#1: signal 29 (SIGIO) received
2023/06/05 14:59:17 [notice] 1#1: signal 17 (SIGCHLD) received from 31
2023/06/05 14:59:17 [notice] 1#1: worker process 31 exited with code 0
2023/06/05 14:59:17 [notice] 1#1: signal 29 (SIGIO) received
2023/06/05 14:59:17 [notice] 1#1: signal 17 (SIGCHLD) received from 32
2023/06/05 14:59:17 [notice] 1#1: worker process 32 exited with code 0
2023/06/05 14:59:17 [notice] 1#1: exit
2023/06/05 15:02:33 [notice] 1#1: using the "epoll" event method
2023/06/05 15:02:33 [notice] 1#1: nginx/1.25.0
2023/06/05 15:02:33 [notice] 1#1: built by gcc 10.2.1 20210110 (Debian 10.2.1-6) 
2023/06/05 15:02:33 [notice] 1#1: OS: Linux 5.15.49-linuxkit
2023/06/05 15:02:33 [notice] 1#1: getrlimit(RLIMIT_NOFILE): 1048576:1048576
2023/06/05 15:02:33 [notice] 1#1: start worker processes
2023/06/05 15:02:33 [notice] 1#1: start worker process 29
2023/06/05 15:02:33 [notice] 1#1: start worker process 30
2023/06/05 15:02:33 [notice] 1#1: start worker process 31
2023/06/05 15:02:33 [notice] 1#1: start worker process 32
2023/06/05 15:09:04 [notice] 1#1: signal 3 (SIGQUIT) received, shutting down
2023/06/05 15:09:04 [notice] 32#32: gracefully shutting down
2023/06/05 15:09:04 [notice] 29#29: gracefully shutting down
2023/06/05 15:09:04 [notice] 31#31: gracefully shutting down
2023/06/05 15:09:04 [notice] 29#29: exiting
2023/06/05 15:09:04 [notice] 30#30: gracefully shutting down
2023/06/05 15:09:04 [notice] 32#32: exiting
2023/06/05 15:09:04 [notice] 31#31: exiting
2023/06/05 15:09:04 [notice] 29#29: exit
2023/06/05 15:09:04 [notice] 30#30: exiting
2023/06/05 15:09:04 [notice] 32#32: exit
2023/06/05 15:09:04 [notice] 31#31: exit
2023/06/05 15:09:04 [notice] 30#30: exit
2023/06/05 15:09:04 [notice] 1#1: signal 17 (SIGCHLD) received from 32
2023/06/05 15:09:04 [notice] 1#1: worker process 32 exited with code 0
2023/06/05 15:09:04 [notice] 1#1: signal 29 (SIGIO) received
2023/06/05 15:09:04 [notice] 1#1: signal 17 (SIGCHLD) received from 31
2023/06/05 15:09:04 [notice] 1#1: worker process 30 exited with code 0
2023/06/05 15:09:04 [notice] 1#1: worker process 31 exited with code 0
2023/06/05 15:09:04 [notice] 1#1: signal 17 (SIGCHLD) received from 30
2023/06/05 15:09:04 [notice] 1#1: worker process 29 exited with code 0
2023/06/05 15:09:04 [notice] 1#1: exit
2023/06/05 15:09:04 [notice] 1#1: using the "epoll" event method
2023/06/05 15:09:04 [notice] 1#1: nginx/1.25.0
2023/06/05 15:09:04 [notice] 1#1: built by gcc 10.2.1 20210110 (Debian 10.2.1-6) 
2023/06/05 15:09:04 [notice] 1#1: OS: Linux 5.15.49-linuxkit
2023/06/05 15:09:04 [notice] 1#1: getrlimit(RLIMIT_NOFILE): 1048576:1048576
2023/06/05 15:09:04 [notice] 1#1: start worker processes
2023/06/05 15:09:04 [notice] 1#1: start worker process 22
2023/06/05 15:09:04 [notice] 1#1: start worker process 23
2023/06/05 15:09:04 [notice] 1#1: start worker process 24
2023/06/05 15:09:04 [notice] 1#1: start worker process 25
2023/06/05 15:09:44 [notice] 1#1: signal 3 (SIGQUIT) received, shutting down
2023/06/05 15:09:44 [notice] 22#22: gracefully shutting down
2023/06/05 15:09:44 [notice] 24#24: gracefully shutting down
2023/06/05 15:09:44 [notice] 25#25: gracefully shutting down
2023/06/05 15:09:44 [notice] 23#23: gracefully shutting down
2023/06/05 15:09:44 [notice] 24#24: exiting
2023/06/05 15:09:44 [notice] 25#25: exiting
2023/06/05 15:09:44 [notice] 23#23: exiting
2023/06/05 15:09:44 [notice] 24#24: exit
2023/06/05 15:09:44 [notice] 25#25: exit
2023/06/05 15:09:44 [notice] 23#23: exit
2023/06/05 15:09:44 [notice] 1#1: signal 17 (SIGCHLD) received from 24
2023/06/05 15:09:44 [notice] 1#1: worker process 24 exited with code 0
2023/06/05 15:09:44 [notice] 1#1: worker process 25 exited with code 0
2023/06/05 15:09:44 [notice] 1#1: signal 29 (SIGIO) received
2023/06/05 15:09:44 [notice] 1#1: signal 17 (SIGCHLD) received from 25
2023/06/05 15:09:44 [notice] 1#1: signal 17 (SIGCHLD) received from 23
2023/06/05 15:09:44 [notice] 1#1: worker process 23 exited with code 0
2023/06/05 15:09:44 [notice] 1#1: signal 29 (SIGIO) received
2023/06/05 15:10:05 [notice] 1#1: using the "epoll" event method
2023/06/05 15:10:05 [notice] 1#1: nginx/1.25.0
2023/06/05 15:10:05 [notice] 1#1: built by gcc 10.2.1 20210110 (Debian 10.2.1-6) 
2023/06/05 15:10:05 [notice] 1#1: OS: Linux 5.15.49-linuxkit
2023/06/05 15:10:05 [notice] 1#1: getrlimit(RLIMIT_NOFILE): 1048576:1048576
2023/06/05 15:10:05 [notice] 1#1: start worker processes
2023/06/05 15:10:05 [notice] 1#1: start worker process 22
2023/06/05 15:10:05 [notice] 1#1: start worker process 23
2023/06/05 15:10:05 [notice] 1#1: start worker process 24
2023/06/05 15:10:05 [notice] 1#1: start worker process 25
2023/06/06 00:56:01 [notice] 1#1: using the "epoll" event method
2023/06/06 00:56:01 [notice] 1#1: nginx/1.25.0
2023/06/06 00:56:01 [notice] 1#1: built by gcc 10.2.1 20210110 (Debian 10.2.1-6) 
2023/06/06 00:56:01 [notice] 1#1: OS: Linux 5.15.49-linuxkit
2023/06/06 00:56:01 [notice] 1#1: getrlimit(RLIMIT_NOFILE): 1048576:1048576
2023/06/06 00:56:01 [notice] 1#1: start worker processes
2023/06/06 00:56:01 [notice] 1#1: start worker process 22
2023/06/06 00:56:01 [notice] 1#1: start worker process 23
2023/06/06 00:56:01 [notice] 1#1: start worker process 24
2023/06/06 00:56:01 [notice] 1#1: start worker process 25
2023/06/06 01:08:35 [notice] 1#1: signal 3 (SIGQUIT) received, shutting down
2023/06/06 01:08:35 [notice] 23#23: gracefully shutting down
2023/06/06 01:08:35 [notice] 25#25: gracefully shutting down
2023/06/06 01:08:35 [notice] 22#22: gracefully shutting down
2023/06/06 01:08:35 [notice] 24#24: gracefully shutting down
2023/06/06 01:08:35 [notice] 23#23: exiting
2023/06/06 01:08:35 [notice] 23#23: exit
2023/06/06 01:08:35 [notice] 25#25: exiting
2023/06/06 01:08:35 [notice] 22#22: exiting
2023/06/06 01:08:35 [notice] 24#24: exiting
2023/06/06 01:08:35 [notice] 24#24: exit
2023/06/06 01:08:35 [notice] 25#25: exit
2023/06/06 01:08:35 [notice] 22#22: exit
2023/06/06 01:08:35 [notice] 1#1: signal 17 (SIGCHLD) received from 23
2023/06/06 01:08:35 [notice] 1#1: worker process 23 exited with code 0
2023/06/06 01:08:35 [notice] 1#1: signal 29 (SIGIO) received
2023/06/06 01:08:35 [notice] 1#1: signal 17 (SIGCHLD) received from 25
2023/06/06 01:08:35 [notice] 1#1: worker process 25 exited with code 0
2023/06/06 01:08:35 [notice] 1#1: signal 29 (SIGIO) received
2023/06/06 01:08:35 [notice] 1#1: signal 17 (SIGCHLD) received from 24
2023/06/06 01:08:35 [notice] 1#1: worker process 22 exited with code 0
2023/06/06 01:08:35 [notice] 1#1: worker process 24 exited with code 0
2023/06/06 01:08:35 [notice] 1#1: signal 17 (SIGCHLD) received from 22
2023/06/06 01:08:35 [notice] 1#1: exit
2023/06/06 01:11:31 [notice] 1#1: using the "epoll" event method
2023/06/06 01:11:31 [notice] 1#1: nginx/1.25.0
2023/06/06 01:11:31 [notice] 1#1: built by gcc 10.2.1 20210110 (Debian 10.2.1-6) 
2023/06/06 01:11:31 [notice] 1#1: OS: Linux 5.15.49-linuxkit
2023/06/06 01:11:31 [notice] 1#1: getrlimit(RLIMIT_NOFILE): 1048576:1048576
2023/06/06 01:11:31 [notice] 1#1: start worker processes
2023/06/06 01:11:31 [notice] 1#1: start worker process 29
2023/06/06 01:11:31 [notice] 1#1: start worker process 30
2023/06/06 01:11:31 [notice] 1#1: start worker process 31
2023/06/06 01:11:31 [notice] 1#1: start worker process 32
2023/06/06 01:12:13 [notice] 1#1: signal 3 (SIGQUIT) received, shutting down
2023/06/06 01:12:13 [notice] 29#29: gracefully shutting down
2023/06/06 01:12:13 [notice] 30#30: gracefully shutting down
2023/06/06 01:12:13 [notice] 31#31: gracefully shutting down
2023/06/06 01:12:13 [notice] 32#32: gracefully shutting down
2023/06/06 01:12:13 [notice] 29#29: exiting
2023/06/06 01:12:13 [notice] 31#31: exiting
2023/06/06 01:12:13 [notice] 32#32: exiting
2023/06/06 01:12:13 [notice] 32#32: exit
2023/06/06 01:12:13 [notice] 29#29: exit
2023/06/06 01:12:13 [notice] 31#31: exit
2023/06/06 01:12:13 [notice] 1#1: signal 17 (SIGCHLD) received from 32
2023/06/06 01:12:13 [notice] 1#1: worker process 32 exited with code 0
2023/06/06 01:12:13 [notice] 1#1: signal 29 (SIGIO) received
2023/06/06 01:12:13 [notice] 1#1: signal 17 (SIGCHLD) received from 29
2023/06/06 01:12:13 [notice] 1#1: worker process 29 exited with code 0
2023/06/06 01:12:13 [notice] 1#1: signal 29 (SIGIO) received
2023/06/06 01:12:13 [notice] 1#1: signal 17 (SIGCHLD) received from 31
2023/06/06 01:12:13 [notice] 1#1: worker process 31 exited with code 0
2023/06/06 01:12:13 [notice] 1#1: signal 29 (SIGIO) received
2023/06/06 01:12:41 [notice] 1#1: using the "epoll" event method
2023/06/06 01:12:41 [notice] 1#1: nginx/1.25.0
2023/06/06 01:12:41 [notice] 1#1: built by gcc 10.2.1 20210110 (Debian 10.2.1-6) 
2023/06/06 01:12:41 [notice] 1#1: OS: Linux 5.15.49-linuxkit
2023/06/06 01:12:41 [notice] 1#1: getrlimit(RLIMIT_NOFILE): 1048576:1048576
2023/06/06 01:12:41 [notice] 1#1: start worker processes
2023/06/06 01:12:41 [notice] 1#1: start worker process 29
2023/06/06 01:12:41 [notice] 1#1: start worker process 30
2023/06/06 01:12:41 [notice] 1#1: start worker process 31
2023/06/06 01:12:41 [notice] 1#1: start worker process 32
2023/06/06 02:38:45 [notice] 1#1: using the "epoll" event method
2023/06/06 02:38:45 [notice] 1#1: nginx/1.25.0
2023/06/06 02:38:45 [notice] 1#1: built by gcc 10.2.1 20210110 (Debian 10.2.1-6) 
2023/06/06 02:38:45 [notice] 1#1: OS: Linux 5.15.49-linuxkit
2023/06/06 02:38:45 [notice] 1#1: getrlimit(RLIMIT_NOFILE): 1048576:1048576
2023/06/06 02:38:45 [notice] 1#1: start worker processes
2023/06/06 02:38:45 [notice] 1#1: start worker process 22
2023/06/06 02:38:45 [notice] 1#1: start worker process 23
2023/06/06 02:38:45 [notice] 1#1: start worker process 24
2023/06/06 02:38:45 [notice] 1#1: start worker process 25
2023/06/06 05:31:53 [notice] 1#1: using the "epoll" event method
2023/06/06 05:31:53 [notice] 1#1: nginx/1.25.0
2023/06/06 05:31:53 [notice] 1#1: built by gcc 10.2.1 20210110 (Debian 10.2.1-6) 
2023/06/06 05:31:53 [notice] 1#1: OS: Linux 5.15.49-linuxkit-pr
2023/06/06 05:31:53 [notice] 1#1: getrlimit(RLIMIT_NOFILE): 1048576:1048576
2023/06/06 05:31:53 [notice] 1#1: start worker processes
2023/06/06 05:31:53 [notice] 1#1: start worker process 22
2023/06/06 05:31:53 [notice] 1#1: start worker process 23
2023/06/06 05:31:53 [notice] 1#1: start worker process 24
2023/06/06 05:31:53 [notice] 1#1: start worker process 25
2023/06/06 05:32:59 [notice] 1#1: signal 3 (SIGQUIT) received, shutting down
2023/06/06 05:32:59 [notice] 23#23: gracefully shutting down
2023/06/06 05:32:59 [notice] 23#23: exiting
2023/06/06 05:32:59 [notice] 22#22: gracefully shutting down
2023/06/06 05:32:59 [notice] 22#22: exiting
2023/06/06 05:32:59 [notice] 25#25: gracefully shutting down
2023/06/06 05:32:59 [notice] 24#24: gracefully shutting down
2023/06/06 05:32:59 [notice] 23#23: exit
2023/06/06 05:32:59 [notice] 22#22: exit
2023/06/06 05:32:59 [notice] 25#25: exiting
2023/06/06 05:32:59 [notice] 24#24: exiting
2023/06/06 05:32:59 [notice] 25#25: exit
2023/06/06 05:32:59 [notice] 24#24: exit
2023/06/06 05:32:59 [notice] 1#1: signal 17 (SIGCHLD) received from 23
2023/06/06 05:32:59 [notice] 1#1: worker process 23 exited with code 0
2023/06/06 05:32:59 [notice] 1#1: signal 29 (SIGIO) received
2023/06/06 05:32:59 [notice] 1#1: signal 17 (SIGCHLD) received from 25
2023/06/06 05:32:59 [notice] 1#1: worker process 25 exited with code 0
2023/06/06 05:32:59 [notice] 1#1: signal 29 (SIGIO) received
2023/06/06 05:32:59 [notice] 1#1: signal 17 (SIGCHLD) received from 22
2023/06/06 05:32:59 [notice] 1#1: worker process 22 exited with code 0
2023/06/06 05:32:59 [notice] 1#1: worker process 24 exited with code 0
2023/06/06 05:32:59 [notice] 1#1: exit
2023/06/14 06:27:35 [notice] 1#1: using the "epoll" event method
2023/06/14 06:27:35 [notice] 1#1: nginx/1.25.0
2023/06/14 06:27:35 [notice] 1#1: built by gcc 10.2.1 20210110 (Debian 10.2.1-6) 
2023/06/14 06:27:35 [notice] 1#1: OS: Linux 5.15.49-linuxkit-pr
2023/06/14 06:27:35 [notice] 1#1: getrlimit(RLIMIT_NOFILE): 1048576:1048576
2023/06/14 06:27:35 [notice] 1#1: start worker processes
2023/06/14 06:27:35 [notice] 1#1: start worker process 23
2023/06/14 06:27:35 [notice] 1#1: start worker process 24
2023/06/14 06:27:35 [notice] 1#1: start worker process 25
2023/06/14 06:27:35 [notice] 1#1: start worker process 26
2023/06/14 06:42:56 [notice] 1#1: signal 3 (SIGQUIT) received, shutting down
2023/06/14 06:42:56 [notice] 25#25: gracefully shutting down
2023/06/14 06:42:56 [notice] 25#25: exiting
2023/06/14 06:42:56 [notice] 26#26: gracefully shutting down
2023/06/14 06:42:56 [notice] 23#23: gracefully shutting down
2023/06/14 06:42:56 [notice] 24#24: gracefully shutting down
2023/06/14 06:42:56 [notice] 25#25: exit
2023/06/14 06:42:56 [notice] 26#26: exiting
2023/06/14 06:42:56 [notice] 23#23: exiting
2023/06/14 06:42:56 [notice] 23#23: exit
2023/06/14 06:42:56 [notice] 24#24: exiting
2023/06/14 06:42:56 [notice] 24#24: exit
2023/06/14 06:42:56 [notice] 26#26: exit
2023/06/14 06:42:56 [notice] 1#1: signal 17 (SIGCHLD) received from 25
2023/06/14 06:42:56 [notice] 1#1: worker process 25 exited with code 0
2023/06/14 06:42:56 [notice] 1#1: signal 29 (SIGIO) received
2023/06/14 06:42:56 [notice] 1#1: signal 17 (SIGCHLD) received from 23
2023/06/14 06:42:56 [notice] 1#1: worker process 23 exited with code 0
2023/06/14 06:42:56 [notice] 1#1: signal 29 (SIGIO) received
2023/06/14 06:42:56 [notice] 1#1: signal 17 (SIGCHLD) received from 24
2023/06/14 06:42:56 [notice] 1#1: worker process 24 exited with code 0
2023/06/14 06:42:56 [notice] 1#1: worker process 26 exited with code 0
2023/06/14 06:42:56 [notice] 1#1: exit
2023/06/14 06:46:44 [notice] 1#1: using the "epoll" event method
2023/06/14 06:46:44 [notice] 1#1: nginx/1.25.0
2023/06/14 06:46:44 [notice] 1#1: built by gcc 10.2.1 20210110 (Debian 10.2.1-6) 
2023/06/14 06:46:44 [notice] 1#1: OS: Linux 5.15.49-linuxkit-pr
2023/06/14 06:46:44 [notice] 1#1: getrlimit(RLIMIT_NOFILE): 1048576:1048576
2023/06/14 06:46:44 [notice] 1#1: start worker processes
2023/06/14 06:46:44 [notice] 1#1: start worker process 22
2023/06/14 06:46:44 [notice] 1#1: start worker process 23
2023/06/14 06:46:44 [notice] 1#1: start worker process 24
2023/06/14 06:46:44 [notice] 1#1: start worker process 25
2023/06/14 07:03:33 [notice] 1#1: signal 3 (SIGQUIT) received, shutting down
2023/06/14 07:03:33 [notice] 24#24: gracefully shutting down
2023/06/14 07:03:33 [notice] 24#24: exiting
2023/06/14 07:03:33 [notice] 22#22: gracefully shutting down
2023/06/14 07:03:33 [notice] 23#23: gracefully shutting down
2023/06/14 07:03:33 [notice] 25#25: gracefully shutting down
2023/06/14 07:03:33 [notice] 24#24: exit
2023/06/14 07:03:33 [notice] 22#22: exiting
2023/06/14 07:03:33 [notice] 23#23: exiting
2023/06/14 07:03:33 [notice] 25#25: exiting
2023/06/14 07:03:33 [notice] 22#22: exit
2023/06/14 07:03:33 [notice] 23#23: exit
2023/06/14 07:03:33 [notice] 25#25: exit
2023/06/14 07:03:34 [notice] 1#1: signal 17 (SIGCHLD) received from 23
2023/06/14 07:03:34 [notice] 1#1: worker process 22 exited with code 0
2023/06/14 07:03:34 [notice] 1#1: worker process 23 exited with code 0
2023/06/14 07:03:34 [notice] 1#1: worker process 24 exited with code 0
2023/06/14 07:03:34 [notice] 1#1: worker process 25 exited with code 0
2023/06/14 07:03:34 [notice] 1#1: exit
2023/06/14 07:03:58 [notice] 1#1: using the "epoll" event method
2023/06/14 07:03:58 [notice] 1#1: nginx/1.25.0
2023/06/14 07:03:58 [notice] 1#1: built by gcc 10.2.1 20210110 (Debian 10.2.1-6) 
2023/06/14 07:03:58 [notice] 1#1: OS: Linux 5.15.49-linuxkit-pr
2023/06/14 07:03:58 [notice] 1#1: getrlimit(RLIMIT_NOFILE): 1048576:1048576
2023/06/14 07:03:58 [notice] 1#1: start worker processes
2023/06/14 07:03:58 [notice] 1#1: start worker process 22
2023/06/14 07:03:58 [notice] 1#1: start worker process 23
2023/06/14 07:03:58 [notice] 1#1: start worker process 24
2023/06/14 07:03:58 [notice] 1#1: start worker process 25
2023/06/16 02:37:24 [notice] 1#1: using the "epoll" event method
2023/06/16 02:37:24 [notice] 1#1: nginx/1.25.0
2023/06/16 02:37:24 [notice] 1#1: built by gcc 10.2.1 20210110 (Debian 10.2.1-6) 
2023/06/16 02:37:24 [notice] 1#1: OS: Linux 5.15.49-linuxkit-pr
2023/06/16 02:37:24 [notice] 1#1: getrlimit(RLIMIT_NOFILE): 1048576:1048576
2023/06/16 02:37:24 [notice] 1#1: start worker processes
2023/06/16 02:37:24 [notice] 1#1: start worker process 22
2023/06/16 02:37:24 [notice] 1#1: start worker process 23
2023/06/16 02:37:24 [notice] 1#1: start worker process 24
2023/06/16 02:37:24 [notice] 1#1: start worker process 25
